# JRE version: OpenJDK Runtime Environment (8.0-b10) (build 1.8.0-262-b10)
# Java VM: OpenJDK Server VM (25.71-b10 mixed mode windows-x86 )
Heap:
 PSYoungGen      total 35584K, used 27253K [0x174c0000, 0x1a000000, 0x1a000000)
  eden space 27392K, 90% used [0x174c0000,0x18d03380,0x18f80000)
  from space 8192K, 29% used [0x18f80000,0x191da178,0x19780000)
  to   space 7680K, 0% used [0x19880000,0x19880000,0x1a000000)
 ParOldGen       total 88832K, used 22706K [0x11e00000, 0x174c0000, 0x174c0000)
  object space 88832K, 25% used [0x11e00000,0x1342c9e8,0x174c0000)
 Metaspace       used 23305K, capacity 23899K, committed 23936K, reserved 23936K
GC Heap History (10 events):
Event: 3.843 GC heap before
{Heap before GC invocations=30 (full 1):
 PSYoungGen      total 34560K, used 25700K [0x174c0000, 0x1a000000, 0x1a000000)
  eden space 24320K, 100% used [0x174c0000,0x18c80000,0x18c80000)
  from space 10240K, 13% used [0x19600000,0x19759298,0x1a000000)
  to   space 9728K, 0% used [0x18c80000,0x18c80000,0x19600000)
 ParOldGen       total 88832K, used 20201K [0x11e00000, 0x174c0000, 0x174c0000)
  object space 88832K, 22% used [0x11e00000,0x131ba788,0x174c0000)
 Metaspace       used 19811K, capacity 20261K, committed 20352K, reserved 20864K
Event: 3.845 GC heap after
Heap after GC invocations=30 (full 1):
 PSYoungGen      total 34048K, used 1241K [0x174c0000, 0x1a000000, 0x1a000000)
  eden space 24320K, 0% used [0x174c0000,0x174c0000,0x18c80000)
  from space 9728K, 12% used [0x18c80000,0x18db6690,0x19600000)
  to   space 9472K, 0% used [0x196c0000,0x196c0000,0x1a000000)
 ParOldGen       total 88832K, used 20598K [0x11e00000, 0x174c0000, 0x174c0000)
  object space 88832K, 23% used [0x11e00000,0x1321d9d8,0x174c0000)
 Metaspace       used 19811K, capacity 20261K, committed 20352K, reserved 20864K
}
Event: 3.947 GC heap before
{Heap before GC invocations=31 (full 1):
 PSYoungGen      total 34048K, used 25561K [0x174c0000, 0x1a000000, 0x1a000000)
  eden space 24320K, 100% used [0x174c0000,0x18c80000,0x18c80000)
  from space 9728K, 12% used [0x18c80000,0x18db6690,0x19600000)
  to   space 9472K, 0% used [0x196c0000,0x196c0000,0x1a000000)
 ParOldGen       total 88832K, used 20598K [0x11e00000, 0x174c0000, 0x174c0000)
  object space 88832K, 23% used [0x11e00000,0x1321d9d8,0x174c0000)
 Metaspace       used 20370K, capacity 20833K, committed 20864K, reserved 20864K
Event: 3.949 GC heap after
Heap after GC invocations=31 (full 1):
 PSYoungGen      total 35328K, used 1215K [0x174c0000, 0x1a000000, 0x1a000000)
  eden space 25856K, 0% used [0x174c0000,0x174c0000,0x18e00000)
  from space 9472K, 12% used [0x196c0000,0x197efcd8,0x1a000000)
  to   space 8960K, 0% used [0x18e00000,0x18e00000,0x196c0000)
 ParOldGen       total 88832K, used 20818K [0x11e00000, 0x174c0000, 0x174c0000)
  object space 88832K, 23% used [0x11e00000,0x132549d8,0x174c0000)
 Metaspace       used 20370K, capacity 20833K, committed 20864K, reserved 20864K
}
Event: 4.087 GC heap before
{Heap before GC invocations=32 (full 1):
 PSYoungGen      total 35328K, used 27071K [0x174c0000, 0x1a000000, 0x1a000000)
  eden space 25856K, 100% used [0x174c0000,0x18e00000,0x18e00000)
  from space 9472K, 12% used [0x196c0000,0x197efcd8,0x1a000000)
  to   space 8960K, 0% used [0x18e00000,0x18e00000,0x196c0000)
 ParOldGen       total 88832K, used 20818K [0x11e00000, 0x174c0000, 0x174c0000)
  object space 88832K, 23% used [0x11e00000,0x132549d8,0x174c0000)
 Metaspace       used 21110K, capacity 21617K, committed 21632K, reserved 21888K
Event: 4.088 GC heap after
Heap after GC invocations=32 (full 1):
 PSYoungGen      total 34816K, used 1319K [0x174c0000, 0x1a000000, 0x1a000000)
  eden space 25856K, 0% used [0x174c0000,0x174c0000,0x18e00000)
  from space 8960K, 14% used [0x18e00000,0x18f49e28,0x196c0000)
  to   space 8704K, 0% used [0x19780000,0x19780000,0x1a000000)
 ParOldGen       total 88832K, used 21210K [0x11e00000, 0x174c0000, 0x174c0000)
  object space 88832K, 23% used [0x11e00000,0x132b69d8,0x174c0000)
 Metaspace       used 21110K, capacity 21617K, committed 21632K, reserved 21888K
}
Event: 4.220 GC heap before
{Heap before GC invocations=33 (full 1):
 PSYoungGen      total 34816K, used 27175K [0x174c0000, 0x1a000000, 0x1a000000)
  eden space 25856K, 100% used [0x174c0000,0x18e00000,0x18e00000)
  from space 8960K, 14% used [0x18e00000,0x18f49e28,0x196c0000)
  to   space 8704K, 0% used [0x19780000,0x19780000,0x1a000000)
 ParOldGen       total 88832K, used 21210K [0x11e00000, 0x174c0000, 0x174c0000)
  object space 88832K, 23% used [0x11e00000,0x132b69d8,0x174c0000)
 Metaspace       used 21658K, capacity 22229K, committed 22272K, reserved 22912K
Event: 4.222 GC heap after
Heap after GC invocations=33 (full 1):
 PSYoungGen      total 36096K, used 1868K [0x174c0000, 0x1a000000, 0x1a000000)
  eden space 27392K, 0% used [0x174c0000,0x174c0000,0x18f80000)
  from space 8704K, 21% used [0x19780000,0x19953270,0x1a000000)
  to   space 8192K, 0% used [0x18f80000,0x18f80000,0x19780000)
 ParOldGen       total 88832K, used 21582K [0x11e00000, 0x174c0000, 0x174c0000)
  object space 88832K, 24% used [0x11e00000,0x133139d8,0x174c0000)
 Metaspace       used 21658K, capacity 22229K, committed 22272K, reserved 22912K
}
Event: 8.542 GC heap before
{Heap before GC invocations=34 (full 1):
 PSYoungGen      total 36096K, used 29260K [0x174c0000, 0x1a000000, 0x1a000000)
  eden space 27392K, 100% used [0x174c0000,0x18f80000,0x18f80000)
  from space 8704K, 21% used [0x19780000,0x19953270,0x1a000000)
  to   space 8192K, 0% used [0x18f80000,0x18f80000,0x19780000)
 ParOldGen       total 88832K, used 21582K [0x11e00000, 0x174c0000, 0x174c0000)
  object space 88832K, 24% used [0x11e00000,0x133139d8,0x174c0000)
 Metaspace       used 22361K, capacity 22961K, committed 23040K, reserved 23936K
Event: 8.545 GC heap after
Heap after GC invocations=34 (full 1):
 PSYoungGen      total 35584K, used 2408K [0x174c0000, 0x1a000000, 0x1a000000)
  eden space 27392K, 0% used [0x174c0000,0x174c0000,0x18f80000)
  from space 8192K, 29% used [0x18f80000,0x191da178,0x19780000)
  to   space 7680K, 0% used [0x19880000,0x19880000,0x1a000000)
 ParOldGen       total 88832K, used 22706K [0x11e00000, 0x174c0000, 0x174c0000)
  object space 88832K, 25% used [0x11e00000,0x1342c9e8,0x174c0000)
 Metaspace       used 22361K, capacity 22961K, committed 23040K, reserved 23936K
}

